Log file open, 04/17/17 06:34:05
LogInit:Display: Running engine for game: SteamProject
LogPlatformFile: Not using cached read wrapper
LogInit:Display: RandInit(-1106948214) SRandInit(-1106948214).
LogTaskGraph: Started task graph with 5 named threads and 8 total threads with 1 sets of task threads.
LogStats: Stats thread started at 0.074891
LogPluginManager: Loaded Plugin Paper2D, From C:/Program Files/Epic Games/UE_4.14/Engine/Plugins/2D/Paper2D/Paper2D.uplugin
LogPluginManager: Loaded Plugin LightPropagationVolume, From C:/Program Files/Epic Games/UE_4.14/Engine/Plugins/Blendables/LightPropagationVolume/LightPropagationVolume.uplugin
LogPluginManager: Loaded Plugin BlankPlugin, From C:/Program Files/Epic Games/UE_4.14/Engine/Plugins/Developer/BlankPlugin/BlankPlugin.uplugin
LogPluginManager: Loaded Plugin CodeLiteSourceCodeAccess, From C:/Program Files/Epic Games/UE_4.14/Engine/Plugins/Developer/CodeLiteSourceCodeAccess/CodeLiteSourceCodeAccess.uplugin
LogPluginManager: Loaded Plugin GitSourceControl, From C:/Program Files/Epic Games/UE_4.14/Engine/Plugins/Developer/GitSourceControl/GitSourceControl.uplugin
LogPluginManager: Loaded Plugin KDevelopSourceCodeAccess, From C:/Program Files/Epic Games/UE_4.14/Engine/Plugins/Developer/KDevelopSourceCodeAccess/KDevelopSourceCodeAccess.uplugin
LogPluginManager: Loaded Plugin NullSourceCodeAccess, From C:/Program Files/Epic Games/UE_4.14/Engine/Plugins/Developer/NullSourceCodeAccess/NullSourceCodeAccess.uplugin
LogPluginManager: Loaded Plugin OneSkyLocalizationService, From C:/Program Files/Epic Games/UE_4.14/Engine/Plugins/Developer/OneSkyLocalizationService/OneSkyLocalizationService.uplugin
LogPluginManager: Loaded Plugin PerforceSourceControl, From C:/Program Files/Epic Games/UE_4.14/Engine/Plugins/Developer/PerforceSourceControl/PerforceSourceControl.uplugin
LogPluginManager: Loaded Plugin SubversionSourceControl, From C:/Program Files/Epic Games/UE_4.14/Engine/Plugins/Developer/SubversionSourceControl/SubversionSourceControl.uplugin
LogPluginManager: Loaded Plugin UObjectPlugin, From C:/Program Files/Epic Games/UE_4.14/Engine/Plugins/Developer/UObjectPlugin/UObjectPlugin.uplugin
LogPluginManager: Loaded Plugin VisualStudioSourceCodeAccess, From C:/Program Files/Epic Games/UE_4.14/Engine/Plugins/Developer/VisualStudioSourceCodeAccess/VisualStudioSourceCodeAccess.uplugin
LogPluginManager: Loaded Plugin XCodeSourceCodeAccess, From C:/Program Files/Epic Games/UE_4.14/Engine/Plugins/Developer/XCodeSourceCodeAccess/XCodeSourceCodeAccess.uplugin
LogPluginManager: Loaded Plugin AudioCapture, From C:/Program Files/Epic Games/UE_4.14/Engine/Plugins/Editor/AudioCapture/AudioCapture.uplugin
LogPluginManager: Loaded Plugin EpicSurvey, From C:/Program Files/Epic Games/UE_4.14/Engine/Plugins/Editor/EpicSurvey/EpicSurvey.uplugin
LogPluginManager: Loaded Plugin MacGraphicsSwitching, From C:/Program Files/Epic Games/UE_4.14/Engine/Plugins/Editor/MacGraphicsSwitching/MacGraphicsSwitching.uplugin
LogPluginManager: Loaded Plugin MobileLauncherProfileWizard, From C:/Program Files/Epic Games/UE_4.14/Engine/Plugins/Editor/MobileLauncherProfileWizard/MobileLauncherProfileWizard.uplugin
LogPluginManager: Loaded Plugin PluginBrowser, From C:/Program Files/Epic Games/UE_4.14/Engine/Plugins/Editor/PluginBrowser/PluginBrowser.uplugin
LogPluginManager: Loaded Plugin SpeedTreeImporter, From C:/Program Files/Epic Games/UE_4.14/Engine/Plugins/Editor/SpeedTreeImporter/SpeedTreeImporter.uplugin
LogPluginManager: Loaded Plugin SuperSearchEditor, From C:/Program Files/Epic Games/UE_4.14/Engine/Plugins/Editor/SuperSearchEditor/SuperSearchEditor.uplugin
LogPluginManager: Loaded Plugin AlembicImporter, From C:/Program Files/Epic Games/UE_4.14/Engine/Plugins/Experimental/AlembicImporter/AlembicImporter.uplugin
LogPluginManager: Loaded Plugin BlueprintStats, From C:/Program Files/Epic Games/UE_4.14/Engine/Plugins/Experimental/BlueprintStats/BlueprintStats.uplugin
LogPluginManager: Loaded Plugin CharacterAI, From C:/Program Files/Epic Games/UE_4.14/Engine/Plugins/Experimental/CharacterAI/CharacterAI.uplugin
LogPluginManager: Loaded Plugin CodeEditor, From C:/Program Files/Epic Games/UE_4.14/Engine/Plugins/Experimental/CodeEditor/CodeEditor.uplugin
LogPluginManager: Loaded Plugin CodeView, From C:/Program Files/Epic Games/UE_4.14/Engine/Plugins/Experimental/CodeView/CodeView.uplugin
LogPluginManager: Loaded Plugin HTML5Networking, From C:/Program Files/Epic Games/UE_4.14/Engine/Plugins/Experimental/HTML5Networking/HTML5Networking.uplugin
LogPluginManager: Loaded Plugin OSVR, From C:/Program Files/Epic Games/UE_4.14/Engine/Plugins/Experimental/OSVR/OSVR.uplugin
LogPluginManager: Loaded Plugin Phya, From C:/Program Files/Epic Games/UE_4.14/Engine/Plugins/Experimental/Phya/Phya.uplugin
LogPluginManager: Loaded Plugin SignificanceManager, From C:/Program Files/Epic Games/UE_4.14/Engine/Plugins/Experimental/SignificanceManager/SignificanceManager.uplugin
LogPluginManager: Loaded Plugin SimpleHMD, From C:/Program Files/Epic Games/UE_4.14/Engine/Plugins/Experimental/SimpleHMD/SimpleHMD.uplugin
LogPluginManager: Loaded Plugin StereoPanorama, From C:/Program Files/Epic Games/UE_4.14/Engine/Plugins/Experimental/StereoPanorama/StereoPanorama.uplugin
LogPluginManager: Loaded Plugin StructBox, From C:/Program Files/Epic Games/UE_4.14/Engine/Plugins/Experimental/StructBox/StructBox.uplugin
LogPluginManager: Loaded Plugin AndroidMedia, From C:/Program Files/Epic Games/UE_4.14/Engine/Plugins/Media/AndroidMedia/AndroidMedia.uplugin
LogPluginManager: Loaded Plugin AvfMedia, From C:/Program Files/Epic Games/UE_4.14/Engine/Plugins/Media/AvfMedia/AvfMedia.uplugin
LogPluginManager: Loaded Plugin MediaPlayerEditor, From C:/Program Files/Epic Games/UE_4.14/Engine/Plugins/Media/MediaPlayerEditor/MediaPlayerEditor.uplugin
LogPluginManager: Loaded Plugin WmfMedia, From C:/Program Files/Epic Games/UE_4.14/Engine/Plugins/Media/WmfMedia/WmfMedia.uplugin
LogPluginManager: Loaded Plugin MessagingDebugger, From C:/Program Files/Epic Games/UE_4.14/Engine/Plugins/Messaging/MessagingDebugger/MessagingDebugger.uplugin
LogPluginManager: Loaded Plugin TcpMessaging, From C:/Program Files/Epic Games/UE_4.14/Engine/Plugins/Messaging/TcpMessaging/TcpMessaging.uplugin
LogPluginManager: Loaded Plugin UdpMessaging, From C:/Program Files/Epic Games/UE_4.14/Engine/Plugins/Messaging/UdpMessaging/UdpMessaging.uplugin
LogPluginManager: Loaded Plugin LevelSequenceEditor, From C:/Program Files/Epic Games/UE_4.14/Engine/Plugins/MovieScene/LevelSequenceEditor/LevelSequenceEditor.uplugin
LogPluginManager: Loaded Plugin MatineeToLevelSequence, From C:/Program Files/Epic Games/UE_4.14/Engine/Plugins/MovieScene/MatineeToLevelSequence/MatineeToLevelSequence.uplugin
LogPluginManager: Loaded Plugin NetcodeUnitTest, From C:/Program Files/Epic Games/UE_4.14/Engine/Plugins/NetcodeUnitTest/NetcodeUnitTest/NetcodeUnitTest.uplugin
LogPluginManager: Loaded Plugin NUTUnrealEngine4, From C:/Program Files/Epic Games/UE_4.14/Engine/Plugins/NetcodeUnitTest/NUTUnrealEngine4/NUTUnrealEngine4.uplugin
LogPluginManager: Loaded Plugin OnlineSubsystemGameCircle, From C:/Program Files/Epic Games/UE_4.14/Engine/Plugins/Online/Android/OnlineSubsystemGameCircle/OnlineSubsystemGameCircle.uplugin
LogPluginManager: Loaded Plugin OnlineSubsystemGooglePlay, From C:/Program Files/Epic Games/UE_4.14/Engine/Plugins/Online/Android/OnlineSubsystemGooglePlay/OnlineSubsystemGooglePlay.uplugin
LogPluginManager: Loaded Plugin OnlineSubsystemIOS, From C:/Program Files/Epic Games/UE_4.14/Engine/Plugins/Online/IOS/OnlineSubsystemIOS/OnlineSubsystemIOS.uplugin
LogPluginManager: Loaded Plugin OnlineFramework, From C:/Program Files/Epic Games/UE_4.14/Engine/Plugins/Online/OnlineFramework/OnlineFramework.uplugin
LogPluginManager: Loaded Plugin OnlineSubsystem, From C:/Program Files/Epic Games/UE_4.14/Engine/Plugins/Online/OnlineSubsystem/OnlineSubsystem.uplugin
LogPluginManager: Loaded Plugin OnlineSubsystemAmazon, From C:/Program Files/Epic Games/UE_4.14/Engine/Plugins/Online/OnlineSubsystemAmazon/OnlineSubsystemAmazon.uplugin
LogPluginManager: Loaded Plugin OnlineSubsystemFacebook, From C:/Program Files/Epic Games/UE_4.14/Engine/Plugins/Online/OnlineSubsystemFacebook/OnlineSubsystemFacebook.uplugin
LogPluginManager: Loaded Plugin OnlineSubsystemNull, From C:/Program Files/Epic Games/UE_4.14/Engine/Plugins/Online/OnlineSubsystemNull/OnlineSubsystemNull.uplugin
LogPluginManager: Loaded Plugin OnlineSubsystemOculus, From C:/Program Files/Epic Games/UE_4.14/Engine/Plugins/Online/OnlineSubsystemOculus/OnlineSubsystemOculus.uplugin
LogPluginManager: Loaded Plugin OnlineSubsystemSteam, From C:/Program Files/Epic Games/UE_4.14/Engine/Plugins/Online/OnlineSubsystemSteam/OnlineSubsystemSteam.uplugin
LogPluginManager: Loaded Plugin OnlineSubsystemUtils, From C:/Program Files/Epic Games/UE_4.14/Engine/Plugins/Online/OnlineSubsystemUtils/OnlineSubsystemUtils.uplugin
LogPluginManager: Loaded Plugin IOSTapJoy, From C:/Program Files/Epic Games/UE_4.14/Engine/Plugins/Runtime/Advertising/IOSTapJoy/IOSTapJoy.uplugin
LogPluginManager: Loaded Plugin AnalyticsBlueprintLibrary, From C:/Program Files/Epic Games/UE_4.14/Engine/Plugins/Runtime/Analytics/AnalyticsBlueprintLibrary/AnalyticsBlueprintLibrary.uplugin
LogPluginManager: Loaded Plugin AnalyticsMulticast, From C:/Program Files/Epic Games/UE_4.14/Engine/Plugins/Runtime/Analytics/AnalyticsMulticast/AnalyticsMulticast.uplugin
LogPluginManager: Loaded Plugin Apsalar, From C:/Program Files/Epic Games/UE_4.14/Engine/Plugins/Runtime/Analytics/Apsalar/Apsalar.uplugin
LogPluginManager: Loaded Plugin FileLogging, From C:/Program Files/Epic Games/UE_4.14/Engine/Plugins/Runtime/Analytics/FileLogging/FileLogging.uplugin
LogPluginManager: Loaded Plugin Flurry, From C:/Program Files/Epic Games/UE_4.14/Engine/Plugins/Runtime/Analytics/Flurry/Flurry.uplugin
LogPluginManager: Loaded Plugin AndroidDeviceProfileSelector, From C:/Program Files/Epic Games/UE_4.14/Engine/Plugins/Runtime/AndroidDeviceProfileSelector/AndroidDeviceProfileSelector.uplugin
LogPluginManager: Loaded Plugin AndroidMoviePlayer, From C:/Program Files/Epic Games/UE_4.14/Engine/Plugins/Runtime/AndroidMoviePlayer/AndroidMoviePlayer.uplugin
LogPluginManager: Loaded Plugin AppleMoviePlayer, From C:/Program Files/Epic Games/UE_4.14/Engine/Plugins/Runtime/AppleMoviePlayer/AppleMoviePlayer.uplugin
LogPluginManager: Loaded Plugin ArchVisCharacter, From C:/Program Files/Epic Games/UE_4.14/Engine/Plugins/Runtime/ArchVisCharacter/ArchVisCharacter.uplugin
LogPluginManager: Loaded Plugin CableComponent, From C:/Program Files/Epic Games/UE_4.14/Engine/Plugins/Runtime/CableComponent/CableComponent.uplugin
LogPluginManager: Loaded Plugin CustomMeshComponent, From C:/Program Files/Epic Games/UE_4.14/Engine/Plugins/Runtime/CustomMeshComponent/CustomMeshComponent.uplugin
LogPluginManager: Loaded Plugin ExampleDeviceProfileSelector, From C:/Program Files/Epic Games/UE_4.14/Engine/Plugins/Runtime/ExampleDeviceProfileSelector/ExampleDeviceProfileSelector.uplugin
LogPluginManager: Loaded Plugin GearVR, From C:/Program Files/Epic Games/UE_4.14/Engine/Plugins/Runtime/GearVR/GearVR.uplugin
LogPluginManager: Loaded Plugin GoogleVRController, From C:/Program Files/Epic Games/UE_4.14/Engine/Plugins/Runtime/GoogleVR/GoogleVRController/GoogleVRController.uplugin
LogPluginManager: Loaded Plugin GoogleVRHMD, From C:/Program Files/Epic Games/UE_4.14/Engine/Plugins/Runtime/GoogleVR/GoogleVRHMD/GoogleVRHMD.uplugin
LogPluginManager: Loaded Plugin IOSDeviceProfileSelector, From C:/Program Files/Epic Games/UE_4.14/Engine/Plugins/Runtime/IOSDeviceProfileSelector/IOSDeviceProfileSelector.uplugin
LogPluginManager: Loaded Plugin LeapMotion, From C:/Program Files/Epic Games/UE_4.14/Engine/Plugins/Runtime/LeapMotion/LeapMotion.uplugin
LogPluginManager: Loaded Plugin LinuxDeviceProfileSelector, From C:/Program Files/Epic Games/UE_4.14/Engine/Plugins/Runtime/LinuxDeviceProfileSelector/LinuxDeviceProfileSelector.uplugin
LogPluginManager: Loaded Plugin MIDIDevice, From C:/Program Files/Epic Games/UE_4.14/Engine/Plugins/Runtime/MIDIDevice/MIDIDevice.uplugin
LogPluginManager: Loaded Plugin MobilePatchingUtils, From C:/Program Files/Epic Games/UE_4.14/Engine/Plugins/Runtime/MobilePatchingUtils/MobilePatchingUtils.uplugin
LogPluginManager: Loaded Plugin Ansel, From C:/Program Files/Epic Games/UE_4.14/Engine/Plugins/Runtime/Nvidia/Ansel/Ansel.uplugin
LogPluginManager: Loaded Plugin OculusAudio, From C:/Program Files/Epic Games/UE_4.14/Engine/Plugins/Runtime/OculusAudio/OculusAudio.uplugin
LogPluginManager: Loaded Plugin OculusInput, From C:/Program Files/Epic Games/UE_4.14/Engine/Plugins/Runtime/OculusInput/OculusInput.uplugin
LogPluginManager: Loaded Plugin OculusLibrary, From C:/Program Files/Epic Games/UE_4.14/Engine/Plugins/Runtime/OculusLibrary/OculusLibrary.uplugin
LogPluginManager: Loaded Plugin OculusRift, From C:/Program Files/Epic Games/UE_4.14/Engine/Plugins/Runtime/OculusRift/OculusRift.uplugin
LogPluginManager: Loaded Plugin Oodle, From C:/Program Files/Epic Games/UE_4.14/Engine/Plugins/Runtime/PacketHandlers/CompressionComponents/Oodle/Oodle.uplugin
LogPluginManager: Loaded Plugin ProceduralMeshComponent, From C:/Program Files/Epic Games/UE_4.14/Engine/Plugins/Runtime/ProceduralMeshComponent/ProceduralMeshComponent.uplugin
LogPluginManager: Loaded Plugin SoundMod, From C:/Program Files/Epic Games/UE_4.14/Engine/Plugins/Runtime/SoundMod/SoundMod.uplugin
LogPluginManager: Loaded Plugin SoundVisualizations, From C:/Program Files/Epic Games/UE_4.14/Engine/Plugins/Runtime/SoundVisualizations/SoundVisualizations.uplugin
LogPluginManager: Loaded Plugin SteamController, From C:/Program Files/Epic Games/UE_4.14/Engine/Plugins/Runtime/Steam/SteamController/SteamController.uplugin
LogPluginManager: Loaded Plugin SteamVR, From C:/Program Files/Epic Games/UE_4.14/Engine/Plugins/Runtime/Steam/SteamVR/SteamVR.uplugin
LogPluginManager: Loaded Plugin WebBrowserWidget, From C:/Program Files/Epic Games/UE_4.14/Engine/Plugins/Runtime/WebBrowserWidget/WebBrowserWidget.uplugin
LogPluginManager: Loaded Plugin WindowsDeviceProfileSelector, From C:/Program Files/Epic Games/UE_4.14/Engine/Plugins/Runtime/WindowsDeviceProfileSelector/WindowsDeviceProfileSelector.uplugin
LogPluginManager: Loaded Plugin WindowsMoviePlayer, From C:/Program Files/Epic Games/UE_4.14/Engine/Plugins/Runtime/WindowsMoviePlayer/WindowsMoviePlayer.uplugin
LogPluginManager: Loaded Plugin ScriptPlugin, From C:/Program Files/Epic Games/UE_4.14/Engine/Plugins/ScriptPlugin/ScriptPlugin.uplugin
LogPluginManager: Loaded Plugin SlateRemote, From C:/Program Files/Epic Games/UE_4.14/Engine/Plugins/Slate/SlateRemote/SlateRemote.uplugin
LogPluginManager: Loaded Plugin EditorTests, From C:/Program Files/Epic Games/UE_4.14/Engine/Plugins/Tests/EditorTests/EditorTests.uplugin
LogPluginManager: Loaded Plugin FbxAutomationTestBuilder, From C:/Program Files/Epic Games/UE_4.14/Engine/Plugins/Tests/FbxAutomationTestBuilder/FbxAutomationTestBuilder.uplugin
LogPluginManager: Loaded Plugin FunctionalTestingEditor, From C:/Program Files/Epic Games/UE_4.14/Engine/Plugins/Tests/FunctionalTestingEditor/FunctionalTestingEditor.uplugin
LogPluginManager: Loaded Plugin RuntimeTests, From C:/Program Files/Epic Games/UE_4.14/Engine/Plugins/Tests/RuntimeTests/RuntimeTests.uplugin
LogPluginManager: Loaded Plugin ScreenshotTools, From C:/Program Files/Epic Games/UE_4.14/Engine/Plugins/Tests/ScreenshotTools/ScreenshotTools.uplugin
LogInit: Using libcurl 7.47.1
LogInit:  - built for x86_64-pc-win32
LogInit:  - supports SSL with OpenSSL/1.0.2g
LogInit:  - supports HTTP deflate (compression) using libz 1.2.8
LogInit:  - other features:
LogInit:      CURL_VERSION_SSL
LogInit:      CURL_VERSION_LIBZ
LogInit:      CURL_VERSION_IPV6
LogInit:      CURL_VERSION_ASYNCHDNS
LogInit:      CURL_VERSION_LARGEFILE
LogInit:      CURL_VERSION_IDN
LogInit:  CurlRequestOptions (configurable via config and command line):
LogInit:  - bVerifyPeer = false  - Libcurl will NOT verify peer certificate
LogInit:  - bUseHttpProxy = false  - Libcurl will NOT use HTTP proxy
LogInit:  - bDontReuseConnections = false  - Libcurl will reuse connections
LogInit:  - CertBundlePath = nullptr  - Libcurl will use whatever was configured at build time.
LogOnline:Display: STEAM: Loading Steam SDK 1.32
LogOnline:Warning: STEAM: Steam API disabled!
LogOnline:Display: STEAM: OnlineSubsystemSteam::Shutdown()
LogInit: WinSock: version 1.1 (2.2), MaxSocks=32767, MaxUdp=65467
LogInit: Build: ++UE4+Release-4.14-CL-3249277
LogInit: Engine Version: 4.14.3-3249277+++UE4+Release-4.14
LogInit: Compatible Engine Version: 4.14.0-3195953+++UE4+Release-4.14
LogInit: Net CL: 3195953
LogDevObjectVersion: Number of dev versions registered: 13
LogDevObjectVersion:   Dev-Blueprints (B0D832E4-1F89-4F0D-ACCF-7EB736FD4AA2): 7
LogDevObjectVersion:   Dev-Build (E1C64328-A22C-4D53-A36C-8E866417BD8C): 0
LogDevObjectVersion:   Dev-Core (375EC13C-06E4-48FB-B500-84F0262A717E): 1
LogDevObjectVersion:   Dev-Editor (E4B068ED-F494-42E9-A231-DA0B2E46BB41): 8
LogDevObjectVersion:   Dev-Framework (CFFC743F-43B0-4480-9391-14DF171D2073): 17
LogDevObjectVersion:   Dev-Mobile (B02B49B5-BB20-44E9-A304-32B752E40360): 0
LogDevObjectVersion:   Dev-Networking (A4E4105C-59A1-49B5-A7C5-40C4547EDFEE): 0
LogDevObjectVersion:   Dev-Online (39C831C9-5AE6-47DC-9A44-9C173E1C8E7C): 0
LogDevObjectVersion:   Dev-Physics (78F01B33-EBEA-4F98-B9B4-84EACCB95AA2): 0
LogDevObjectVersion:   Dev-Platform (6631380F-2D4D-43E0-8009-CF276956A95A): 0
LogDevObjectVersion:   Dev-Rendering (12F88B9F-8875-4AFC-A67C-D90C383ABD29): 12
LogDevObjectVersion:   Dev-Sequencer (7B5AE74C-D270-4C10-A958-57980B212A5A): 1
LogDevObjectVersion:   Dev-VR (D7296918-1DD6-4BDD-9DE2-64A83CC13884): 0
LogInit: Compiled (64-bit): Jan  6 2017 10:49:43
LogInit: Compiled with Visual C++: 19.00.23026.00
LogInit: Build Configuration: Development
LogInit: Branch Name: ++UE4+Release-4.14
LogInit: Command line:  
LogInit: Base directory: C:/Program Files/Epic Games/UE_4.14/Engine/Binaries/Win64/
LogInit: Installed Engine Build: 1
LogInit: Presizing for max 8388607 objects, including 0 objects not considered by GC, pre-allocating 0 bytes for permanent pool.
LogInit: Object subsystem initialized
[2017.04.16-21.34.06:293][  0]LogInit: Selected Device Profile: [Windows]
[2017.04.16-21.34.06:293][  0]LogInit: Applying CVar settings loaded from the selected device profile: [Windows]
[2017.04.16-21.34.06:303][  0]LogInit: Computer: DESKTOP-CEH7678
[2017.04.16-21.34.06:303][  0]LogInit: User: Family
[2017.04.16-21.34.06:303][  0]LogInit: CPU Page size=65536, Cores=4
[2017.04.16-21.34.06:303][  0]LogInit: High frequency timer resolution =3.234379 MHz
[2017.04.16-21.34.06:303][  0]LogMemory: Memory total: Physical=15.9GB (16GB approx)
[2017.04.16-21.34.06:303][  0]LogMemory: Platform Memory Stats for Windows
[2017.04.16-21.34.06:303][  0]LogMemory: Process Physical Memory: 265.53 MB used, 265.53 MB peak
[2017.04.16-21.34.06:303][  0]LogMemory: Process Virtual Memory: 262.68 MB used, 262.68 MB peak
[2017.04.16-21.34.06:303][  0]LogMemory: Physical Memory: 4330.25 MB used,  11987.34 MB free, 16317.59 MB total
[2017.04.16-21.34.06:303][  0]LogMemory: Virtual Memory: 678.59 MB used,  11987.34 MB free, 134217728.00 MB total
[2017.04.16-21.34.06:326][  0]LogTextLocalizationManager: No specific translations for ('ko-KR') exist, so ('ko') translations will be used.
[2017.04.16-21.34.06:357][  0]LogTextLocalizationManager:Warning: Loaded localization resources contain conflicting entries for (Namespace:KismetSchema, Key:Default):
Localization Resource: (C:/Program Files/Epic Games/UE_4.14/Engine/Content/Localization/EditorTutorials/ko/EditorTutorials.locres) Source String Hash: (940523119) Localized String: (디폴트)
Localization Resource: (C:/Program Files/Epic Games/UE_4.14/Engine/Content/Localization/Engine/ko/Engine.locres) Source String Hash: (940523119) Localized String: (기본)
[2017.04.16-21.34.06:357][  0]LogTextLocalizationManager:Warning: Loaded localization resources contain conflicting entries for (Namespace:UObjectToolTips, Key:AnimNode_AssetPlayerBase:InternalTimeAccumulator):
Localization Resource: (C:/Program Files/Epic Games/UE_4.14/Engine/Content/Localization/EditorTutorials/ko/EditorTutorials.locres) Source String Hash: (502993589) Localized String: (이 노드에서 애셋을 레퍼런싱하는 데 사용되는 누적 시간입니다.)
Localization Resource: (C:/Program Files/Epic Games/UE_4.14/Engine/Content/Localization/Engine/ko/Engine.locres) Source String Hash: (502993589) Localized String: (이 노드에서 애셋을 레퍼런싱하는 데 사용된 누적 시간입니다.)
[2017.04.16-21.34.06:357][  0]LogTextLocalizationManager:Warning: Loaded localization resources contain conflicting entries for (Namespace:UObjectToolTips, Key:AnimNode_AssetPlayerBase:bIgnoreForRelevancyTest):
Localization Resource: (C:/Program Files/Epic Games/UE_4.14/Engine/Content/Localization/EditorTutorials/ko/EditorTutorials.locres) Source String Hash: (319969718) Localized String: (True 면, 스테이트에서 최고 가중치 애니메이션을 찾는 "Relevant anim" 노드는 이 노드를 무시합니다.
 )
Localization Resource: (C:/Program Files/Epic Games/UE_4.14/Engine/Content/Localization/Engine/ko/Engine.locres) Source String Hash: (319969718) Localized String: (True 면 스테이트 내 최고 웨이팅된 애니메이션을 찾는 "Relevant anim" 노드가 무시됩니다.
 )
[2017.04.16-21.34.06:357][  0]LogTextLocalizationManager:Warning: Loaded localization resources contain conflicting entries for (Namespace:UObjectToolTips, Key:AnimNode_AssetPlayerBase:BlendWeight):
Localization Resource: (C:/Program Files/Epic Games/UE_4.14/Engine/Content/Localization/EditorTutorials/ko/EditorTutorials.locres) Source String Hash: (-1232800293) Localized String: (이 노드에 마지막 걸린 블렌드웨이트 입니다.)
Localization Resource: (C:/Program Files/Epic Games/UE_4.14/Engine/Content/Localization/Engine/ko/Engine.locres) Source String Hash: (-1232800293) Localized String: (이 노드에 대해 마지막 접한 블렌드 웨이트)
[2017.04.16-21.34.06:686][  0]LogD3D11RHI: D3D11 adapters:
[2017.04.16-21.34.06:712][  0]LogD3D11RHI:    0. 'NVIDIA GeForce GTX 1060 6GB' (Feature Level 11_0)
[2017.04.16-21.34.06:712][  0]LogD3D11RHI:       6100/0/8158 MB DedicatedVideo/DedicatedSystem/SharedSystem, Outputs:1, VendorId:0x10de
[2017.04.16-21.34.06:714][  0]LogD3D11RHI:    1. 'Microsoft Basic Render Driver' (Feature Level 11_0)
[2017.04.16-21.34.06:714][  0]LogD3D11RHI:       0/0/8158 MB DedicatedVideo/DedicatedSystem/SharedSystem, Outputs:0, VendorId:0x1414
[2017.04.16-21.34.06:714][  0]LogD3D11RHI: Chosen D3D11 Adapter: 0
[2017.04.16-21.34.06:718][  0]LogD3D11RHI: Creating new Direct3DDevice
[2017.04.16-21.34.06:718][  0]LogD3D11RHI:     GPU DeviceId: 0x1c03 (for the marketing name, search the web for "GPU Device Id")
[2017.04.16-21.34.06:718][  0]LogWindows: EnumDisplayDevices:
[2017.04.16-21.34.06:718][  0]LogWindows:    0. 'NVIDIA GeForce GTX 1060 6GB' (P:1 D:1)
[2017.04.16-21.34.06:719][  0]LogWindows:    1. 'NVIDIA GeForce GTX 1060 6GB' (P:0 D:0)
[2017.04.16-21.34.06:719][  0]LogWindows:    2. 'NVIDIA GeForce GTX 1060 6GB' (P:0 D:0)
[2017.04.16-21.34.06:719][  0]LogWindows:    3. 'NVIDIA GeForce GTX 1060 6GB' (P:0 D:0)
[2017.04.16-21.34.06:720][  0]LogWindows: DebugString: FoundDriverCount:4 
[2017.04.16-21.34.06:720][  0]LogD3D11RHI:     Adapter Name: NVIDIA GeForce GTX 1060 6GB
[2017.04.16-21.34.06:720][  0]LogD3D11RHI:   Driver Version: 376.53 (internal:21.21.13.7653, unified:376.53)
[2017.04.16-21.34.06:720][  0]LogD3D11RHI:      Driver Date: 12-29-2016
[2017.04.16-21.34.06:720][  0]LogRHI: Texture pool is 1361 MB (70% of 1945 MB)
[2017.04.16-21.34.06:731][  0]LogD3D11RHI: Async texture creation enabled
[2017.04.16-21.34.06:741][  0]LogD3D11RHI: GPU Timing Frequency: 1000.000000 (Debug: 2 1)
[2017.04.16-21.34.06:742][  0]LogShaderCompilers: Guid format shader working directory is -12 characters bigger than the processId version (../../../../../../Users/didwo/Desktop/SteamProject 4.14ver/Intermediate/Shaders/WorkingDirectory/5404/).
[2017.04.16-21.34.06:742][  0]LogShaderCompilers: Cleaned the shader compiler working directory 'C:/Users/didwo/AppData/Local/Temp/UnrealShaderWorkingDir/548522A742040441B7DB3FB259A738C3/'.
[2017.04.16-21.34.06:742][  0]LogShaderCompilers:Display: Using Local Shader Compiler.
[2017.04.16-21.34.07:855][  0]LogTemp:Display: Loaded TP AllDesktopTargetPlatform
[2017.04.16-21.34.07:912][  0]LogTemp:Display: Loaded TP MacClientTargetPlatform
[2017.04.16-21.34.07:969][  0]LogTemp:Display: Loaded TP MacNoEditorTargetPlatform
[2017.04.16-21.34.08:024][  0]LogTemp:Display: Loaded TP MacServerTargetPlatform
[2017.04.16-21.34.08:081][  0]LogTemp:Display: Loaded TP MacTargetPlatform
[2017.04.16-21.34.08:135][  0]LogTemp:Display: Loaded TP WindowsClientTargetPlatform
[2017.04.16-21.34.08:195][  0]LogTemp:Display: Loaded TP WindowsNoEditorTargetPlatform
[2017.04.16-21.34.08:253][  0]LogTemp:Display: Loaded TP WindowsServerTargetPlatform
[2017.04.16-21.34.08:305][  0]LogTemp:Display: Loaded TP WindowsTargetPlatform
[2017.04.16-21.34.08:366][  0]LogTemp:Display: Loaded TP AndroidTargetPlatform
[2017.04.16-21.34.08:426][  0]LogTemp:Display: Loaded TP Android_ASTCTargetPlatform
[2017.04.16-21.34.08:486][  0]LogTemp:Display: Loaded TP Android_ATCTargetPlatform
[2017.04.16-21.34.08:545][  0]LogTemp:Display: Loaded TP Android_DXTTargetPlatform
[2017.04.16-21.34.08:606][  0]LogTemp:Display: Loaded TP Android_ETC1TargetPlatform
[2017.04.16-21.34.08:662][  0]LogTemp:Display: Loaded TP Android_ETC2TargetPlatform
[2017.04.16-21.34.08:779][  0]LogTemp:Display: Loaded TP Android_MultiTargetPlatform
[2017.04.16-21.34.08:779][  0]LogTemp:Display: Loaded TP Android_PVRTCTargetPlatform
[2017.04.16-21.34.08:822][  0]LogTemp:Display: Loaded TP HTML5TargetPlatform
[2017.04.16-21.34.08:919][  0]LogTemp:Display: Loaded TP IOSTargetPlatform
[2017.04.16-21.34.08:952][  0]LogTemp:Display: Loaded TP TVOSTargetPlatform
[2017.04.16-21.34.09:011][  0]LogTemp:Display: Loaded TP LinuxClientTargetPlatform
[2017.04.16-21.34.09:072][  0]LogTemp:Display: Loaded TP LinuxNoEditorTargetPlatform
[2017.04.16-21.34.09:130][  0]LogTemp:Display: Loaded TP LinuxServerTargetPlatform
[2017.04.16-21.34.09:187][  0]LogTemp:Display: Loaded TP LinuxTargetPlatform
[2017.04.16-21.34.09:187][  0]LogTargetPlatformManager:Display: Building Assets For Windows
[2017.04.16-21.34.09:624][  0]LogDerivedDataCache:Display: Max Cache Size: 512 MB
[2017.04.16-21.34.09:673][  0]LogDerivedDataCache: Loaded boot cache 0.05s 50MB C:/Users/didwo/AppData/Local/UnrealEngine/4.14/DerivedDataCache/Boot.ddc.
[2017.04.16-21.34.09:673][  0]LogDerivedDataCache:Display: Loaded Boot cache: C:/Users/didwo/AppData/Local/UnrealEngine/4.14/DerivedDataCache/Boot.ddc
[2017.04.16-21.34.09:673][  0]LogDerivedDataCache: FDerivedDataBackendGraph:  Pak pak cache file ../../../../../../Users/didwo/Desktop/SteamProject 4.14ver/DerivedDataCache/DDC.ddp not found, will not use a pak cache.
[2017.04.16-21.34.09:673][  0]LogDerivedDataCache: Unable to find inner node Pak for hierarchical cache Hierarchy.
[2017.04.16-21.34.09:673][  0]LogDerivedDataCache: FDerivedDataBackendGraph:  CompressedPak pak cache file ../../../../../../Users/didwo/Desktop/SteamProject 4.14ver/DerivedDataCache/Compressed.ddp not found, will not use a pak cache.
[2017.04.16-21.34.09:673][  0]LogDerivedDataCache: Unable to find inner node CompressedPak for hierarchical cache Hierarchy.
[2017.04.16-21.34.09:689][  0]LogDerivedDataCache:Display: Pak cache opened for reading ../../../Engine/DerivedDataCache/Compressed.ddp.
[2017.04.16-21.34.09:701][  0]LogDerivedDataCache: Using Local data cache path C:/Users/didwo/AppData/Local/UnrealEngine/Common/DerivedDataCache: Writable
[2017.04.16-21.34.09:898][  0]LogInit: Selected Device Profile: [Windows]
[2017.04.16-21.34.09:902][  0]LogContentStreaming: Texture pool size is 0.00 MB
[2017.04.16-21.34.10:126][  0]LogMeshUtilities: Using QuadricMeshReduction for automatic static mesh reduction
[2017.04.16-21.34.10:175][  0]LogSimplygon: Simplygon DLL not present - disabling.
[2017.04.16-21.34.10:226][  0]LogMeshUtilities: Using SimplygonSwarm for distributed automatic mesh merging
[2017.04.16-21.34.10:226][  0]LogMeshUtilities: No automatic skeletal mesh reduction module available
[2017.04.16-21.34.10:226][  0]LogMeshUtilities: No automatic mesh merging module available
[2017.04.16-21.34.10:725][  0]LogNetVersion: GetLocalNetworkVersion: CL: 3195953, ProjectName: steamproject, ProjectVersion: , EngineNetworkVersion: 2, GameNetworkVersion: 0, NetworkChecksum: 2586755480
[2017.04.16-21.34.10:784][  0]LogAssetRegistry: FAssetRegistry took 0.0222 seconds to start up
[2017.04.16-21.34.10:833][  0]LogPackageLocalizationCache: Processed 3 localized package path(s) for 2 prioritized culture(s) in 0.026255 seconds
[2017.04.16-21.34.10:840][  0]LogUObjectArray: 31953 objects as part of root set at end of initial load.
[2017.04.16-21.34.10:840][  0]LogUObjectAllocator: 7149664 out of 0 bytes used by permanent object pool.
[2017.04.16-21.34.10:840][  0]LogUObjectArray: CloseDisregardForGC: 0/0 objects in disregard for GC pool
[2017.04.16-21.34.11:770][  0]LogSlate: Using Freetype 2.6.0
[2017.04.16-21.34.11:771][  0]LogSlate: SlateFontCache - WITH_FREETYPE: 1, WITH_HARFBUZZ: 1
[2017.04.16-21.34.11:771][  0]LogSlate: SlateFontCache - WITH_FREETYPE: 1, WITH_HARFBUZZ: 1
[2017.04.16-21.34.12:568][  0]LogTcpMessaging: Initializing TcpMessaging bridge
[2017.04.16-21.34.12:610][  0]LogUdpMessaging: Initializing bridge on interface 0.0.0.0:0 to multicast group 230.0.0.1:6666.
[2017.04.16-21.34.12:942][  0]LogMaterial: Uniform references updated for custom material expression Custom.
[2017.04.16-21.34.13:374][  0]SourceControl: 정보 소스 콘트롤이 꺼졌습니다.
[2017.04.16-21.34.13:375][  0]SourceControl: 정보 소스 콘트롤이 꺼졌습니다.
[2017.04.16-21.34.13:427][  0]SourceControl: 정보 소스 콘트롤이 꺼졌습니다.
[2017.04.16-21.34.13:479][  0]SourceControl: 정보 소스 콘트롤이 꺼졌습니다.
[2017.04.16-21.34.14:818][  0]LogEngine: Initializing Engine...
[2017.04.16-21.34.14:819][  0]LogHMD: Failed to initialize OpenVR with code 110
[2017.04.16-21.34.15:066][  0]LogAIModule: Creating AISystem for world Untitled
[2017.04.16-21.34.15:077][  0]LogInit: XAudio2 using '헤드폰(2- High Definition Audio 장치)' : 2 channels at 44.1 kHz using 16 bits per sample (channel mask 0x3)
[2017.04.16-21.34.15:094][  0]LogInit: FAudioDevice initialized.
[2017.04.16-21.34.15:118][  0]LogDerivedDataCache: Saved boot cache 0.02s 50MB C:/Users/didwo/AppData/Local/UnrealEngine/4.14/DerivedDataCache/Boot.ddc.
[2017.04.16-21.34.15:127][  0]LogInit: Texture streaming: Enabled
[2017.04.16-21.34.15:328][  0]LogInit: Transaction tracking system initialized
[2017.04.16-21.34.15:713][  0]BlueprintLog: New page: 에디터 로드
[2017.04.16-21.34.16:661][  0]LocalizationService: 정보 현지화 서비스가 비활성화되었습니다.
[2017.04.16-21.34.17:354][  0]LogConsoleResponse:Display: 
[2017.04.16-21.34.17:485][  0]LogCook:Display: Max memory allowance for cook 16384mb min free memory 0mb
[2017.04.16-21.34.17:485][  0]LogCook:Display: Mobile HDR setting 1
[2017.04.16-21.34.17:921][  0]LogFileCache: Scanning file cache for directory 'C:/Users/didwo/Desktop/SteamProject 4.14ver/Content/' took 0.02s
[2017.04.16-21.34.18:528][  0]SourceControl: 정보 소스 콘트롤이 꺼졌습니다.
[2017.04.16-21.34.18:528][  0]Cmd: MAP LOAD FILE="../../../../../../Users/didwo/Desktop/SteamProject 4.14ver/Content/Maps/MainMenu.umap" TEMPLATE=0 SHOWPROGRESS=1 FEATURELEVEL=3
[2017.04.16-21.34.18:528][  0]LightingResults: New page: 라이팅 빌드
[2017.04.16-21.34.18:579][  0]MapCheck: New page: 맵 체크
[2017.04.16-21.34.18:579][  0]LightingResults: New page: 라이팅 빌드
[2017.04.16-21.34.19:021][  0]LogAIModule: Creating AISystem for world MainMenu
[2017.04.16-21.34.19:022][  0]LogEditorServer: Finished looking for orphan Actors (0.000 secs)
[2017.04.16-21.34.19:023][  0]Cmd: MAP CHECKDEP NOCLEARLOG
[2017.04.16-21.34.19:069][  0]MapCheck: 정보 맵 체크 완료: 오류 0 회, 경고 0 회, 소요 시간 46.339ms.
[2017.04.16-21.34.19:069][  0]LogFileHelpers: Loading map 'MainMenu' took 0.541
[2017.04.16-21.34.19:208][  0]LogCollectionManager: Loaded 0 collections in 0.001241 seconds
[2017.04.16-21.34.19:295][  0]LogFileCache: Scanning file cache for directory 'C:/Users/didwo/Desktop/SteamProject 4.14ver/Saved/Collections/' took 0.01s
[2017.04.16-21.34.19:295][  0]LogFileCache: Scanning file cache for directory 'C:/Users/didwo/Desktop/SteamProject 4.14ver/Content/Developers/Family/Collections/' took 0.01s
[2017.04.16-21.34.19:295][  0]LogFileCache: Scanning file cache for directory 'C:/Users/didwo/Desktop/SteamProject 4.14ver/Content/Collections/' took 0.01s
[2017.04.16-21.34.19:295][  0]LogCollectionManager: Rebuilt the GUID cache for 0 collections in 0.000002 seconds
[2017.04.16-21.34.19:306][  0]LogContentBrowser: Native class hierarchy populated in 0.0110 seconds. Added 2192 classes and 431 folders.
[2017.04.16-21.34.19:355][  0]LogStats: UGameplayTagsManager::ConstructGameplayTagTree: Construct from data asset -  0.000 s
[2017.04.16-21.34.19:355][  0]LogStats: UGameplayTagsManager::ConstructGameplayTagTree: GameplayTagTreeChangedEvent.Broadcast -  0.000 s
[2017.04.16-21.34.19:356][  0]LogContentBrowser: Native class hierarchy updated for 'GameplayTags' in 0.0005 seconds. Added 13 classes and 0 folders.
[2017.04.16-21.34.19:428][  0]LogContentBrowser: Native class hierarchy updated for 'WidgetCarousel' in 0.0004 seconds. Added 0 classes and 0 folders.
[2017.04.16-21.34.19:468][  0]LogContentBrowser: Native class hierarchy updated for 'AddContentDialog' in 0.0004 seconds. Added 0 classes and 0 folders.
[2017.04.16-21.34.19:515][  0]LogContentBrowser: Native class hierarchy updated for 'SceneOutliner' in 0.0005 seconds. Added 1 classes and 2 folders.
[2017.04.16-21.34.19:606][  0]LogCrashTracker: Crashtracker disabled due to settings.
[2017.04.16-21.34.19:615][  0]LogUObjectGlobals:Warning: 'Class 없음.' 오브젝트를 찾는 데 실패했습니다.
[2017.04.16-21.34.19:689][  0]LogContentBrowser: Native class hierarchy updated for 'HierarchicalLODOutliner' in 0.0004 seconds. Added 1 classes and 2 folders.
[2017.04.16-21.34.19:689][  0]LogLoad: (Engine Initialization) Total time: 14.87 seconds
[2017.04.16-21.34.19:689][  0]LogLoad: (Engine Initialization) Total Blueprint compile time: 0.23 seconds
[2017.04.16-21.34.19:689][  0]LogExternalProfiler: No external profilers were discovered.  External profiling features will not be available.
[2017.04.16-21.34.20:030][  0]LogOcInput: OculusInput pre-init called
[2017.04.16-21.34.20:048][  0]LogContentStreaming: Texture pool size now 1000 MB
[2017.04.16-21.34.20:205][  0]LogRenderer: Reallocating scene render targets to support 1248x576 NumSamples 1 (Frame:2).
[2017.04.16-21.34.20:705][  2]LogAssetRegistry: Asset discovery search completed in 9.9431 seconds
[2017.04.16-21.34.20:705][  2]LogCollectionManager: Rebuilt the object cache for 0 collections in 0.000000 seconds (found 0 objects)
[2017.04.16-21.34.20:705][  2]LogCollectionManager: Fixed up redirectors for 0 collections in 0.000014 seconds (updated 0 objects)
[2017.04.16-21.34.29:320][423]LogPhysics:Warning: FDerivedDataPhysXCooker::BuildTriMesh: Triangle data from '/Game/Maps/10Stage.10Stage:PersistentLevel.ModelComponent_1264' invalid (416 verts, 0 indices).
[2017.04.16-21.34.30:453][423]LogAIModule: Creating AISystem for world 10Stage
[2017.04.16-21.34.30:607][423]Cmd: MAP LOAD FILE="../../../../../../Users/didwo/Desktop/SteamProject 4.14ver/Content/Maps/10Stage.umap" TEMPLATE=0 SHOWPROGRESS=1 FEATURELEVEL=3
[2017.04.16-21.34.30:607][423]LightingResults: New page: 라이팅 빌드
[2017.04.16-21.34.30:608][423]LoadErrors: New page: 맵 로드중: 10Stage.umap
[2017.04.16-21.34.30:608][423]MapCheck: New page: 맵 체크
[2017.04.16-21.34.30:608][423]LightingResults: New page: 라이팅 빌드
[2017.04.16-21.34.30:753][423]LogEditorServer: Finished looking for orphan Actors (0.000 secs)
[2017.04.16-21.34.30:790][423]Cmd: MAP CHECKDEP NOCLEARLOG
[2017.04.16-21.34.30:877][423]MapCheck: 정보 맵 체크 완료: 오류 0 회, 경고 0 회, 소요 시간 85.947ms.
[2017.04.16-21.34.30:877][423]LogFileHelpers: Loading map '10Stage' took 0.270
[2017.04.16-21.34.47:821][596]LogEditorViewport: Clicking on Actor (LMB): StaticMeshActor (Tile_Concrete6_121)
[2017.04.16-21.36.01:791][584]LogEditorViewport: Clicking on Actor (LMB): StaticMeshActor (Tile_Concrete6_134)
[2017.04.16-21.36.10:939][275]Cmd: SELECT NONE
[2017.04.16-21.36.11:778][374]LogEditorViewport: Clicking on Actor (LMB): StaticMeshActor (Tile_Concrete6_135)
[2017.04.16-21.36.15:358][748]Cmd: SELECT NONE
[2017.04.16-21.36.28:161][443]LogEditorViewport: Clicking on Actor (LMB): StaticMeshActor (Tile_Concrete6_135)
[2017.04.16-21.36.41:656][834]Cmd: SELECT NONE
[2017.04.16-21.36.42:407][922]LogEditorViewport: Clicking on Actor (LMB): StaticMeshActor (Tile_Concrete6_136)
[2017.04.16-21.36.43:298][ 11]Cmd: SELECT NONE
[2017.04.16-21.36.58:697][372]LogEditorViewport: Clicking on Actor (LMB): StaticMeshActor (Tile_Concrete6_136)
[2017.04.16-21.36.59:353][440]LogEditorViewport: Clicking on Actor (CTRL LMB): StaticMeshActor (Tile_Concrete6_135)
[2017.04.16-21.36.59:870][494]LogEditorViewport: Clicking on Actor (CTRL LMB): StaticMeshActor (Tile_Concrete6_134)
[2017.04.16-21.37.10:853][675]Cmd: SELECT NONE
[2017.04.16-21.37.28:239][608]LogEditorViewport: Clicking on Actor (LMB): StaticMeshActor (Tile_Concrete6_137)
[2017.04.16-21.37.28:846][655]LogEditorViewport: Clicking on Actor (CTRL LMB): StaticMeshActor (Tile_Concrete6_138)
[2017.04.16-21.37.30:194][780]LogEditorViewport: Clicking on Actor (CTRL LMB): StaticMeshActor (Tile_Concrete6_139)
[2017.04.16-21.37.43:071][153]Cmd: SELECT NONE
[2017.04.16-21.37.45:799][458]Cmd: TRANSACTION UNDO
[2017.04.16-21.37.45:799][458]LogEditorTransaction: Undo 선택 않음
[2017.04.16-21.37.49:520][811]Cmd: SELECT NONE
[2017.04.16-21.37.50:710][945]Cmd: TRANSACTION UNDO
[2017.04.16-21.37.50:711][945]LogEditorTransaction: Undo 선택 않음
[2017.04.16-21.37.56:273][529]Cmd: SELECT NONE
[2017.04.16-21.37.58:186][754]Cmd: TRANSACTION UNDO
[2017.04.16-21.37.58:186][754]LogEditorTransaction: Undo 선택 않음
[2017.04.16-21.38.03:410][268]Cmd: SELECT NONE
[2017.04.16-21.38.12:447][260]LogPhysics:Warning: FDerivedDataPhysXCooker::BuildTriMesh: Triangle data from '/Game/Maps/10Stage.10Stage:PersistentLevel.ModelComponent_4' invalid (432 verts, 0 indices).
[2017.04.16-21.38.19:131][  5]LogPhysics:Warning: FDerivedDataPhysXCooker::BuildTriMesh: Triangle data from '/Game/Maps/10Stage.10Stage:PersistentLevel.ModelComponent_18' invalid (416 verts, 0 indices).
[2017.04.16-21.38.24:300][562]LogPhysics:Warning: FDerivedDataPhysXCooker::BuildTriMesh: Triangle data from '/Game/Maps/10Stage.10Stage:PersistentLevel.ModelComponent_32' invalid (416 verts, 0 indices).
[2017.04.16-21.39.07:507][779]LogPhysics:Warning: FDerivedDataPhysXCooker::BuildTriMesh: Triangle data from '/Game/Maps/10Stage.10Stage:PersistentLevel.ModelComponent_46' invalid (400 verts, 0 indices).
[2017.04.16-21.39.11:526][189]LogPhysics:Warning: FDerivedDataPhysXCooker::BuildTriMesh: Triangle data from '/Game/Maps/10Stage.10Stage:PersistentLevel.ModelComponent_60' invalid (416 verts, 0 indices).
[2017.04.16-21.39.15:828][646]LogPhysics:Warning: FDerivedDataPhysXCooker::BuildTriMesh: Triangle data from '/Game/Maps/10Stage.10Stage:PersistentLevel.ModelComponent_74' invalid (480 verts, 0 indices).
[2017.04.16-21.39.16:429][706]LogPhysics:Warning: FDerivedDataPhysXCooker::BuildTriMesh: Triangle data from '/Game/Maps/10Stage.10Stage:PersistentLevel.ModelComponent_88' invalid (480 verts, 0 indices).
[2017.04.16-21.39.20:645][132]LogPhysics:Warning: FDerivedDataPhysXCooker::BuildTriMesh: Triangle data from '/Game/Maps/10Stage.10Stage:PersistentLevel.ModelComponent_102' invalid (472 verts, 0 indices).
[2017.04.16-21.39.27:849][909]LogPhysics:Warning: FDerivedDataPhysXCooker::BuildTriMesh: Triangle data from '/Game/Maps/10Stage.10Stage:PersistentLevel.ModelComponent_116' invalid (464 verts, 0 indices).
[2017.04.16-21.39.30:856][213]LogPhysics:Warning: FDerivedDataPhysXCooker::BuildTriMesh: Triangle data from '/Game/Maps/10Stage.10Stage:PersistentLevel.ModelComponent_130' invalid (452 verts, 0 indices).
[2017.04.16-21.39.31:100][238]Cmd: SELECT NONE
[2017.04.16-21.39.32:992][449]LogPhysics:Warning: FDerivedDataPhysXCooker::BuildTriMesh: Triangle data from '/Game/Maps/10Stage.10Stage:PersistentLevel.ModelComponent_144' invalid (452 verts, 0 indices).
[2017.04.16-21.39.33:358][487]Cmd: SELECT NONE
[2017.04.16-21.39.38:427][ 17]LogPhysics:Warning: FDerivedDataPhysXCooker::BuildTriMesh: Triangle data from '/Game/Maps/10Stage.10Stage:PersistentLevel.ModelComponent_158' invalid (448 verts, 0 indices).
[2017.04.16-21.39.38:770][ 53]Cmd: SELECT NONE
[2017.04.16-21.39.52:855][208]Cmd: SELECT NONE
[2017.04.16-21.40.11:231][442]LogPhysics:Warning: FDerivedDataPhysXCooker::BuildTriMesh: Triangle data from '/Game/Maps/10Stage.10Stage:PersistentLevel.ModelComponent_172' invalid (508 verts, 0 indices).
[2017.04.16-21.40.12:620][593]LogPhysics:Warning: FDerivedDataPhysXCooker::BuildTriMesh: Triangle data from '/Game/Maps/10Stage.10Stage:PersistentLevel.ModelComponent_186' invalid (508 verts, 0 indices).
[2017.04.16-21.40.12:792][610]Cmd: SELECT NONE
[2017.04.16-21.40.16:989][ 35]LogPhysics:Warning: FDerivedDataPhysXCooker::BuildTriMesh: Triangle data from '/Game/Maps/10Stage.10Stage:PersistentLevel.ModelComponent_200' invalid (508 verts, 0 indices).
[2017.04.16-21.40.17:196][ 54]Cmd: SELECT NONE
[2017.04.16-21.40.49:329][  3]Cmd: DELETE
[2017.04.16-21.40.49:329][  3]Cmd: ACTOR DELETE
[2017.04.16-21.40.49:330][  3]LogEditorActor: Deleted Actor: Brush
[2017.04.16-21.40.49:348][  3]LogPhysics:Warning: FDerivedDataPhysXCooker::BuildTriMesh: Triangle data from '/Game/Maps/10Stage.10Stage:PersistentLevel.ModelComponent_214' invalid (472 verts, 0 indices).
[2017.04.16-21.40.49:350][  3]LogEditorActor: Deleted 1 Actors (0.021 secs)
[2017.04.16-21.40.53:485][461]LogPhysics:Warning: FDerivedDataPhysXCooker::BuildTriMesh: Triangle data from '/Game/Maps/10Stage.10Stage:PersistentLevel.ModelComponent_228' invalid (452 verts, 0 indices).
[2017.04.16-21.40.54:514][572]Cmd: SELECT NONE
[2017.04.16-21.41.01:316][319]LogPhysics:Warning: FDerivedDataPhysXCooker::BuildTriMesh: Triangle data from '/Game/Maps/10Stage.10Stage:PersistentLevel.ModelComponent_242' invalid (432 verts, 0 indices).
[2017.04.16-21.41.09:138][139]LogPhysics:Warning: FDerivedDataPhysXCooker::BuildTriMesh: Triangle data from '/Game/Maps/10Stage.10Stage:PersistentLevel.ModelComponent_256' invalid (448 verts, 0 indices).
[2017.04.16-21.41.15:100][765]LogPhysics:Warning: FDerivedDataPhysXCooker::BuildTriMesh: Triangle data from '/Game/Maps/10Stage.10Stage:PersistentLevel.ModelComponent_270' invalid (448 verts, 0 indices).
[2017.04.16-21.41.17:611][ 42]LogPhysics:Warning: FDerivedDataPhysXCooker::BuildTriMesh: Triangle data from '/Game/Maps/10Stage.10Stage:PersistentLevel.ModelComponent_284' invalid (448 verts, 0 indices).
[2017.04.16-21.41.19:471][248]LogPhysics:Warning: FDerivedDataPhysXCooker::BuildTriMesh: Triangle data from '/Game/Maps/10Stage.10Stage:PersistentLevel.ModelComponent_298' invalid (448 verts, 0 indices).
[2017.04.16-21.41.22:587][563]LogPhysics:Warning: FDerivedDataPhysXCooker::BuildTriMesh: Triangle data from '/Game/Maps/10Stage.10Stage:PersistentLevel.ModelComponent_312' invalid (440 verts, 0 indices).
[2017.04.16-21.41.24:805][807]LogPhysics:Warning: FDerivedDataPhysXCooker::BuildTriMesh: Triangle data from '/Game/Maps/10Stage.10Stage:PersistentLevel.ModelComponent_326' invalid (448 verts, 0 indices).
[2017.04.16-21.41.25:273][857]Cmd: SELECT NONE
[2017.04.16-21.41.31:522][287]LogPhysics:Warning: FDerivedDataPhysXCooker::BuildTriMesh: Triangle data from '/Game/Maps/10Stage.10Stage:PersistentLevel.ModelComponent_340' invalid (432 verts, 0 indices).
[2017.04.16-21.41.32:534][395]Cmd: SELECT NONE
[2017.04.16-21.42.03:229][859]Cmd: SELECT NONE
[2017.04.16-21.42.05:967][157]LogPhysics:Warning: FDerivedDataPhysXCooker::BuildTriMesh: Triangle data from '/Game/Maps/10Stage.10Stage:PersistentLevel.ModelComponent_354' invalid (496 verts, 0 indices).
[2017.04.16-21.42.09:990][607]LogPhysics:Warning: FDerivedDataPhysXCooker::BuildTriMesh: Triangle data from '/Game/Maps/10Stage.10Stage:PersistentLevel.ModelComponent_368' invalid (496 verts, 0 indices).
[2017.04.16-21.42.11:800][807]LogPhysics:Warning: FDerivedDataPhysXCooker::BuildTriMesh: Triangle data from '/Game/Maps/10Stage.10Stage:PersistentLevel.ModelComponent_382' invalid (496 verts, 0 indices).
[2017.04.16-21.42.13:412][984]LogPhysics:Warning: FDerivedDataPhysXCooker::BuildTriMesh: Triangle data from '/Game/Maps/10Stage.10Stage:PersistentLevel.ModelComponent_396' invalid (456 verts, 0 indices).
[2017.04.16-21.42.19:549][626]LogPhysics:Warning: FDerivedDataPhysXCooker::BuildTriMesh: Triangle data from '/Game/Maps/10Stage.10Stage:PersistentLevel.ModelComponent_410' invalid (456 verts, 0 indices).
[2017.04.16-21.42.22:890][989]LogPhysics:Warning: FDerivedDataPhysXCooker::BuildTriMesh: Triangle data from '/Game/Maps/10Stage.10Stage:PersistentLevel.ModelComponent_424' invalid (464 verts, 0 indices).
[2017.04.16-21.42.25:294][254]LogPhysics:Warning: FDerivedDataPhysXCooker::BuildTriMesh: Triangle data from '/Game/Maps/10Stage.10Stage:PersistentLevel.ModelComponent_438' invalid (456 verts, 0 indices).
[2017.04.16-21.42.29:284][659]LogPhysics:Warning: FDerivedDataPhysXCooker::BuildTriMesh: Triangle data from '/Game/Maps/10Stage.10Stage:PersistentLevel.ModelComponent_452' invalid (456 verts, 0 indices).
[2017.04.16-21.42.31:711][929]LogPhysics:Warning: FDerivedDataPhysXCooker::BuildTriMesh: Triangle data from '/Game/Maps/10Stage.10Stage:PersistentLevel.ModelComponent_466' invalid (456 verts, 0 indices).
[2017.04.16-21.42.34:071][189]LogPhysics:Warning: FDerivedDataPhysXCooker::BuildTriMesh: Triangle data from '/Game/Maps/10Stage.10Stage:PersistentLevel.ModelComponent_480' invalid (464 verts, 0 indices).
[2017.04.16-21.42.36:704][296]Cmd: SELECT NONE
[2017.04.16-21.42.45:389][702]Cmd: SELECT NONE
[2017.04.16-21.42.53:553][647]LogEditorViewport: Clicking on Actor (LMB): StaticMeshActor (Tile_Concrete6_132)
[2017.04.16-21.42.54:270][711]LogEditorViewport: Clicking on Actor (CTRL LMB): StaticMeshActor (Tile_Concrete6_133)
[2017.04.16-21.43.27:598][312]LogEditorViewport: Clicking on Actor (LMB): StaticMeshActor (Tile_Concrete6_143)
[2017.04.16-21.43.29:601][528]LogEditorViewport: Clicking on Actor (LMB): StaticMeshActor (Tile_Concrete6_144)
[2017.04.16-21.43.31:828][765]LogEditorViewport: Clicking on Actor (LMB): StaticMeshActor (Tile_Concrete6_143)
[2017.04.16-21.44.18:325][716]LogEditorViewport: Clicking on Actor (LMB): StaticMeshActor (Tile_Concrete6_30)
[2017.04.16-21.44.19:171][793]LogEditorViewport: Clicking on Actor (LMB): StaticMeshActor (Tile_Concrete6_32)
[2017.04.16-21.44.28:988][879]Cmd: SELECT NONE
[2017.04.16-21.44.39:298][127]LogEditorViewport: Clicking on Actor (LMB): StaticMeshActor (Tile_Concrete6_32)
[2017.04.16-21.44.43:384][565]LogEditorViewport: Clicking on Actor (LMB): StaticMeshActor (Tile_Concrete6_32)
[2017.04.16-21.45.11:142][937]Cmd: OBJ SAVEPACKAGE PACKAGE="/Game/Maps/10Stage" FILE="../../../../../../Users/didwo/Desktop/SteamProject 4.14ver/Saved/Autosaves/Game/Maps/10Stage_Auto1.umap" SILENT=true AUTOSAVING=true KEEPDIRTY=false
[2017.04.16-21.45.11:496][937]LogSavePackage: Save=337.73ms
[2017.04.16-21.45.11:496][937]LogSavePackage: Moving '../../../../../../Users/didwo/Desktop/SteamProject 4.14ver/Saved/10Stage_Auto197CC5AE54E272E38C8E796820F74D2B4.tmp' to '../../../../../../Users/didwo/Desktop/SteamProject 4.14ver/Saved/Autosaves/Game/Maps/10Stage_Auto1.umap'
[2017.04.16-21.45.11:498][937]LogSavePackage:Display: Finished SavePackage ../../../../../../Users/didwo/Desktop/SteamProject 4.14ver/Saved/Autosaves/Game/Maps/10Stage_Auto1.umap
[2017.04.16-21.45.11:500][937]LogFileHelpers: Editor autosave (incl. sublevels) for '/Game/Maps/10Stage' took 0.376
[2017.04.16-21.45.11:500][937]LogFileHelpers: Editor autosave (incl. sublevels) for all levels took 0.376
[2017.04.16-21.45.22:165][ 63]Cmd: SELECT NONE
[2017.04.16-21.45.59:442][ 16]LogEditorViewport: Clicking on Actor (LMB): StaticMeshActor (Tile_Concrete6_127)
[2017.04.16-21.46.12:795][481]LogEditorViewport: Clicking on Actor (LMB): StaticMeshActor (Tile_Concrete6_126)
[2017.04.16-21.46.17:775][  1]LogEditorViewport: Clicking on Actor (LMB): StaticMeshActor (Tile_Concrete6_145)
[2017.04.16-21.46.19:255][162]LogEditorViewport: Clicking on Actor (LMB): StaticMeshActor (Tile_Concrete6_146)
[2017.04.16-21.46.20:822][333]LogEditorViewport: Clicking on Actor (LMB): StaticMeshActor (Tile_Concrete6_145)
[2017.04.16-21.46.22:143][477]LogEditorViewport: Clicking on Actor (LMB): StaticMeshActor (Tile_Concrete6_127)
[2017.04.16-21.46.23:707][646]LogEditorViewport: Clicking on Actor (LMB): StaticMeshActor (Tile_Concrete6_126)
[2017.04.16-21.46.25:340][806]LogEditorViewport: Clicking on Actor (LMB): StaticMeshActor (Tile_Concrete6_145)
[2017.04.16-21.46.31:042][412]LogEditorViewport: Clicking on Actor (LMB): StaticMeshActor (Tile_Concrete6_146)
[2017.04.16-21.46.55:759][124]LogEditorViewport: Clicking on Actor (LMB): StaticMeshActor (Tile_Concrete6_128)
[2017.04.16-21.47.02:771][846]LogEditorViewport: Clicking on Actor (LMB): StaticMeshActor (Tile_Concrete6_146)
[2017.04.16-21.47.03:903][968]LogEditorViewport: Clicking on Actor (LMB): StaticMeshActor (Tile_Concrete6_147)
[2017.04.16-21.47.05:208][106]LogEditorViewport: Clicking on Actor (LMB): StaticMeshActor (Tile_Concrete6_146)
[2017.04.16-21.47.06:066][197]LogEditorViewport: Clicking on Actor (LMB): StaticMeshActor (Tile_Concrete6_147)
[2017.04.16-21.47.16:800][703]LogEditorViewport: Clicking on Actor (LMB): StaticMeshActor (Tile_Concrete6_145)
[2017.04.16-21.47.17:391][755]LogEditorViewport: Clicking on Actor (CTRL LMB): StaticMeshActor (Tile_Concrete6_146)
[2017.04.16-21.47.18:095][829]LogEditorViewport: Clicking on Actor (CTRL LMB): StaticMeshActor (Tile_Concrete6_147)
[2017.04.16-21.47.22:119][265]LogEditorViewport: Clicking on Actor (LMB): StaticMeshActor (Tile_Concrete6_145)
[2017.04.16-21.47.25:809][673]LogEditorViewport: Clicking on Actor (CTRL LMB): StaticMeshActor (Tile_Concrete6_146)
[2017.04.16-21.47.26:957][796]LogEditorViewport: Clicking on Actor (LMB): StaticMeshActor (Tile_Concrete6_145)
[2017.04.16-21.47.30:406][159]LogEditorViewport: Clicking on Actor (LMB): StaticMeshActor (Tile_Concrete6_146)
[2017.04.16-21.47.33:386][471]LogEditorViewport: Clicking on Actor (LMB): StaticMeshActor (Tile_Concrete6_147)
[2017.04.16-21.50.28:218][152]LogEditorViewport: Clicking on Actor (LMB): StaticMeshActor (Tile_Concrete6_147)
[2017.04.16-21.50.29:399][280]LogEditorViewport: Clicking on Actor (LMB): StaticMeshActor (Tile_Concrete6_148)
[2017.04.16-21.50.36:122][  7]LogEditorViewport: Clicking on Actor (LMB): StaticMeshActor (Tile_Concrete6_148)
[2017.04.16-21.50.37:322][137]LogEditorViewport: Clicking on Actor (LMB): StaticMeshActor (Tile_Concrete6_149)
[2017.04.16-21.50.46:425][713]LogEditorViewport: Clicking on Actor (LMB): StaticMeshActor (Tile_Concrete6_148)
[2017.04.16-21.50.47:994][885]LogEditorViewport: Clicking on Actor (LMB): StaticMeshActor (Tile_Concrete6_147)
[2017.04.16-21.50.49:074][  1]LogEditorViewport: Clicking on Actor (LMB): StaticMeshActor (Tile_Concrete6_148)
[2017.04.16-21.50.50:199][124]LogEditorViewport: Clicking on Actor (LMB): StaticMeshActor (Tile_Concrete6_149)
[2017.04.16-21.51.39:340][835]Cmd: OBJ SAVEPACKAGE PACKAGE="/Game/Maps/10Stage" FILE="../../../../../../Users/didwo/Desktop/SteamProject 4.14ver/Content/Maps/10Stage.umap" SILENT=true AUTOSAVING=false KEEPDIRTY=false
[2017.04.16-21.51.39:673][835]LogSavePackage: Save=304.13ms
[2017.04.16-21.51.39:673][835]LogSavePackage: Moving '../../../../../../Users/didwo/Desktop/SteamProject 4.14ver/Saved/10StageFEA79C014654BF2B1C5A86859521E364.tmp' to '../../../../../../Users/didwo/Desktop/SteamProject 4.14ver/Content/Maps/10Stage.umap'
[2017.04.16-21.51.39:676][835]LogSavePackage:Display: Finished SavePackage ../../../../../../Users/didwo/Desktop/SteamProject 4.14ver/Content/Maps/10Stage.umap
[2017.04.16-21.51.39:727][835]LogFileHelpers: Saving map '10Stage' took 0.482
[2017.04.16-21.51.41:381][962]Cmd: QUIT_EDITOR
[2017.04.16-21.51.41:426][962]LogWindowsTextInputMethodSystem:Display: IME system now activated using TSF (Microsoft 입력기).
[2017.04.16-21.51.41:446][962]LogExit: Preparing to exit.
[2017.04.16-21.51.42:000][962]LogDirectoryWatcher: A directory notification for 'C:/Users/didwo/Desktop/SteamProject 4.14ver/Content/' was aborted.
[2017.04.16-21.51.42:055][962]LogExit: Editor shut down
[2017.04.16-21.51.42:055][962]LogExit: Transaction tracking system shut down
[2017.04.16-21.51.42:144][962]LogObj: Freed 0b from 0 cluster array pools.
[2017.04.16-21.51.42:144][962]LogExit: Object subsystem successfully closed.
[2017.04.16-21.51.42:164][962]LogD3D11RHI: Shutdown
[2017.04.16-21.51.42:164][962]LogD3D11RHI: CleanupD3DDevice
[2017.04.16-21.51.42:240][962]LogD3D11RHI: ~FD3D11DynamicRHI
[2017.04.16-21.51.42:255][962]LogHttp:Display: Http module shutting down, but needs to wait on 1 outstanding Http requests:
[2017.04.16-21.51.42:255][962]LogHttp:Display: 	verb=[POST] url=[https://datarouter.ol.epicgames.com/datarouter/api/v1/public/data?SessionID=%7BEF231402-420A-E005-6C22-A4AC717C69FD%7D&AppID=UEEditor.Rocket.Release&AppVersion=4.14.3-3249277%2B%2B%2BUE4%2BRelease-4.14&UserID=210d08ab4f06661c4505fbba33374265%7Cc7f191c0d9a84031b64cc0512b8918eb%7C3862047a-a45b-4c9b-bb32-809a4a43ccfa&AppEnvironment=datacollector-binary&UploadType=eteventstream] status=Processing
[2017.04.16-21.51.42:255][962]LogHttp:Display: Sleeping 0.5s to wait for 1 outstanding Http requests.
[2017.04.16-21.51.42:785][962]LogModuleManager: Shutting down and abandoning module HierarchicalLODOutliner (242)
[2017.04.16-21.51.42:785][962]LogModuleManager: Shutting down and abandoning module CrashTracker (241)
[2017.04.16-21.51.42:785][962]LogModuleManager: Shutting down and abandoning module SceneOutliner (240)
[2017.04.16-21.51.42:785][962]LogModuleManager: Shutting down and abandoning module WidgetCarousel (239)
[2017.04.16-21.51.42:785][962]LogModuleManager: Shutting down and abandoning module AddContentDialog (238)
[2017.04.16-21.51.42:785][962]LogDirectoryWatcher: A directory notification for 'C:/Program Files/Epic Games/UE_4.14/FeaturePacks/' was aborted.
[2017.04.16-21.51.42:786][962]LogModuleManager: Shutting down and abandoning module GameplayTags (237)
[2017.04.16-21.51.42:786][962]LogModuleManager: Shutting down and abandoning module EditorWidgets (236)
[2017.04.16-21.51.42:786][962]LogModuleManager: Shutting down and abandoning module CollectionManager (235)
[2017.04.16-21.51.42:786][962]LogDirectoryWatcher: A directory notification for 'C:/Users/didwo/Desktop/SteamProject 4.14ver/Content/Collections/' was aborted.
[2017.04.16-21.51.42:786][962]LogDirectoryWatcher: A directory notification for 'C:/Users/didwo/Desktop/SteamProject 4.14ver/Content/Developers/Family/Collections/' was aborted.
[2017.04.16-21.51.42:786][962]LogDirectoryWatcher: A directory notification for 'C:/Users/didwo/Desktop/SteamProject 4.14ver/Saved/Collections/' was aborted.
[2017.04.16-21.51.42:786][962]LogModuleManager: Shutting down and abandoning module StatsViewer (234)
[2017.04.16-21.51.42:786][962]LogModuleManager: Shutting down and abandoning module FoliageEdit (233)
[2017.04.16-21.51.42:786][962]LogModuleManager: Shutting down and abandoning module LandscapeEditor (232)
[2017.04.16-21.51.42:786][962]LogModuleManager: Shutting down and abandoning module SceneDepthPickerMode (231)
[2017.04.16-21.51.42:786][962]LogModuleManager: Shutting down and abandoning module ActorPickerMode (230)
[2017.04.16-21.51.42:786][962]LogModuleManager: Shutting down and abandoning module GeometryMode (229)
[2017.04.16-21.51.42:786][962]LogModuleManager: Shutting down and abandoning module TextureAlignMode (228)
[2017.04.16-21.51.42:786][962]LogModuleManager: Shutting down and abandoning module BspMode (227)
[2017.04.16-21.51.42:786][962]LogModuleManager: Shutting down and abandoning module HardwareSurvey (226)
[2017.04.16-21.51.42:786][962]LogModuleManager: Shutting down and abandoning module SequenceRecorderSections (225)
[2017.04.16-21.51.42:787][962]LogModuleManager: Shutting down and abandoning module AutomationWorker (224)
[2017.04.16-21.51.42:787][962]LogModuleManager: Shutting down and abandoning module MatineeToLevelSequence (223)
[2017.04.16-21.51.42:787][962]LogModuleManager: Shutting down and abandoning module PlacementMode (222)
[2017.04.16-21.51.42:787][962]LogModuleManager: Shutting down and abandoning module LevelSequenceEditor (221)
[2017.04.16-21.51.42:787][962]LogModuleManager: Shutting down and abandoning module WmfMediaFactory (220)
[2017.04.16-21.51.42:787][962]LogModuleManager: Shutting down and abandoning module WmfMediaEditor (219)
[2017.04.16-21.51.42:787][962]LogModuleManager: Shutting down and abandoning module AvfMediaFactory (218)
[2017.04.16-21.51.42:787][962]LogModuleManager: Shutting down and abandoning module AvfMediaEditor (217)
[2017.04.16-21.51.42:787][962]LogModuleManager: Shutting down and abandoning module Media (216)
[2017.04.16-21.51.42:787][962]LogModuleManager: Shutting down and abandoning module AndroidMediaFactory (215)
[2017.04.16-21.51.42:787][962]LogModuleManager: Shutting down and abandoning module AndroidMediaEditor (214)
[2017.04.16-21.51.42:787][962]LogModuleManager: Shutting down and abandoning module CharacterAI (213)
[2017.04.16-21.51.42:787][962]LogModuleManager: Shutting down and abandoning module SequenceRecorder (212)
[2017.04.16-21.51.42:787][962]LogModuleManager: Shutting down and abandoning module AudioCapture (211)
[2017.04.16-21.51.42:787][962]LogModuleManager: Shutting down and abandoning module SmartSnapping (210)
[2017.04.16-21.51.42:787][962]LogModuleManager: Shutting down and abandoning module SessionServices (209)
[2017.04.16-21.51.42:787][962]LogModuleManager: Shutting down and abandoning module ViewportSnapping (208)
[2017.04.16-21.51.42:787][962]LogModuleManager: Shutting down and abandoning module ViewportInteraction (207)
[2017.04.16-21.51.42:787][962]LogModuleManager: Shutting down and abandoning module LogVisualizer (206)
[2017.04.16-21.51.42:787][962]LogModuleManager: Shutting down and abandoning module GameProjectGeneration (205)
[2017.04.16-21.51.42:787][962]LogModuleManager: Shutting down and abandoning module IntroTutorials (204)
[2017.04.16-21.51.42:787][962]LogModuleManager: Shutting down and abandoning module EditorLiveStreaming (203)
[2017.04.16-21.51.42:787][962]LogModuleManager: Shutting down and abandoning module IOSPlatformEditor (202)
[2017.04.16-21.51.42:787][962]LogModuleManager: Shutting down and abandoning module HTML5PlatformEditor (201)
[2017.04.16-21.51.42:787][962]LogModuleManager: Shutting down and abandoning module AndroidDeviceDetection (200)
[2017.04.16-21.51.43:309][962]LogModuleManager: Shutting down and abandoning module AndroidPlatformEditor (199)
[2017.04.16-21.51.43:309][962]LogModuleManager: Shutting down and abandoning module IOSRuntimeSettings (198)
[2017.04.16-21.51.43:309][962]LogModuleManager: Shutting down and abandoning module AndroidRuntimeSettings (197)
[2017.04.16-21.51.43:309][962]LogModuleManager: Shutting down and abandoning module InputBindingEditor (196)
[2017.04.16-21.51.43:309][962]LogModuleManager: Shutting down and abandoning module NiagaraEditor (195)
[2017.04.16-21.51.43:309][962]LogModuleManager: Shutting down and abandoning module MergeActors (194)
[2017.04.16-21.51.43:309][962]LogModuleManager: Shutting down and abandoning module SizeMap (193)
[2017.04.16-21.51.43:309][962]LogModuleManager: Shutting down and abandoning module TreeMap (192)
[2017.04.16-21.51.43:309][962]LogModuleManager: Shutting down and abandoning module ReferenceViewer (191)
[2017.04.16-21.51.43:309][962]LogModuleManager: Shutting down and abandoning module LocalizationService (190)
[2017.04.16-21.51.43:309][962]LogModuleManager: Shutting down and abandoning module LocalizationDashboard (189)
[2017.04.16-21.51.43:309][962]LogModuleManager: Shutting down and abandoning module HardwareTargeting (188)
[2017.04.16-21.51.43:309][962]LogModuleManager: Shutting down and abandoning module DeviceProfileEditor (187)
[2017.04.16-21.51.43:309][962]LogModuleManager: Shutting down and abandoning module UndoHistory (186)
[2017.04.16-21.51.43:309][962]LogModuleManager: Shutting down and abandoning module UserFeedback (185)
[2017.04.16-21.51.43:309][962]LogModuleManager: Shutting down and abandoning module XmlParser (184)
[2017.04.16-21.51.43:309][962]LogModuleManager: Shutting down and abandoning module Blutility (183)
[2017.04.16-21.51.43:309][962]LogModuleManager: Shutting down and abandoning module ProjectTargetPlatformEditor (182)
[2017.04.16-21.51.43:309][962]LogModuleManager: Shutting down and abandoning module ProjectSettingsViewer (181)
[2017.04.16-21.51.43:309][962]LogModuleManager: Shutting down and abandoning module EditorSettingsViewer (180)
[2017.04.16-21.51.43:309][962]LogModuleManager: Shutting down and abandoning module SettingsEditor (179)
[2017.04.16-21.51.43:309][962]LogModuleManager: Shutting down and abandoning module ProjectLauncher (178)
[2017.04.16-21.51.43:309][962]LogModuleManager: Shutting down and abandoning module SessionFrontend (177)
[2017.04.16-21.51.43:309][962]LogModuleManager: Shutting down and abandoning module ProfilerClient (176)
[2017.04.16-21.51.43:309][962]LogModuleManager: Shutting down and abandoning module TargetDeviceServices (175)
[2017.04.16-21.51.43:310][962]LogModuleManager: Shutting down and abandoning module DeviceManager (174)
[2017.04.16-21.51.43:353][962]LogModuleManager: Shutting down and abandoning module AutomationController (173)
[2017.04.16-21.51.43:353][962]LogModuleManager: Shutting down and abandoning module AutomationWindow (172)
[2017.04.16-21.51.43:353][962]LogModuleManager: Shutting down and abandoning module Layers (171)
[2017.04.16-21.51.43:353][962]LogModuleManager: Shutting down and abandoning module ComponentVisualizers (170)
[2017.04.16-21.51.43:353][962]LogModuleManager: Shutting down and abandoning module DetailCustomizations (169)
[2017.04.16-21.51.43:353][962]LogModuleManager: Shutting down and abandoning module PackagesDialog (168)
[2017.04.16-21.51.43:353][962]LogModuleManager: Shutting down and abandoning module AnimGraph (167)
[2017.04.16-21.51.43:353][962]LogModuleManager: Shutting down and abandoning module Persona (166)
[2017.04.16-21.51.43:353][962]LogModuleManager: Shutting down and abandoning module Kismet (165)
[2017.04.16-21.51.43:359][962]LogModuleManager: Shutting down and abandoning module GraphEditor (164)
[2017.04.16-21.51.43:360][962]LogModuleManager: Shutting down and abandoning module ClassViewer (163)
[2017.04.16-21.51.43:360][962]LogModuleManager: Shutting down and abandoning module Toolbox (162)
[2017.04.16-21.51.43:360][962]LogModuleManager: Shutting down and abandoning module ModuleUI (161)
[2017.04.16-21.51.43:360][962]LogModuleManager: Shutting down and abandoning module MovieSceneTools (160)
[2017.04.16-21.51.43:360][962]LogModuleManager: Shutting down and abandoning module OutputLog (159)
[2017.04.16-21.51.43:360][962]LogModuleManager: Shutting down and abandoning module GammaUI (158)
[2017.04.16-21.51.43:360][962]LogModuleManager: Shutting down and abandoning module Documentation (157)
[2017.04.16-21.51.43:360][962]LogModuleManager: Shutting down and abandoning module Niagara (156)
[2017.04.16-21.51.43:360][962]LogModuleManager: Shutting down and abandoning module StreamingPauseRendering (155)
[2017.04.16-21.51.43:360][962]LogModuleManager: Shutting down and abandoning module AnalyticsET (154)
[2017.04.16-21.51.43:360][962]LogModuleManager: Shutting down and abandoning module PortalServices (153)
[2017.04.16-21.51.43:360][962]LogModuleManager: Shutting down and abandoning module PortalRpc (152)
[2017.04.16-21.51.43:360][962]LogModuleManager: Shutting down and abandoning module MessagingRpc (151)
[2017.04.16-21.51.43:360][962]LogModuleManager: Shutting down and abandoning module GameplayDebugger (150)
[2017.04.16-21.51.43:360][962]LogModuleManager: Shutting down and abandoning module AITestSuite (149)
[2017.04.16-21.51.43:360][962]LogModuleManager: Shutting down and abandoning module AIModule (148)
[2017.04.16-21.51.43:360][962]LogModuleManager: Shutting down and abandoning module ProfilerService (147)
[2017.04.16-21.51.43:453][962]LogModuleManager: Shutting down and abandoning module TaskGraph (146)
[2017.04.16-21.51.43:454][962]LogModuleManager: Shutting down and abandoning module SlateRemote (145)
[2017.04.16-21.51.43:454][962]LogModuleManager: Shutting down and abandoning module SteamVRController (144)
[2017.04.16-21.51.43:454][962]LogModuleManager: Shutting down and abandoning module SteamVR (143)
[2017.04.16-21.51.43:454][962]LogModuleManager: Shutting down and abandoning module ProceduralMeshComponentEditor (142)
[2017.04.16-21.51.43:454][962]LogModuleManager: Shutting down and abandoning module ProceduralMeshComponent (141)
[2017.04.16-21.51.43:454][962]LogModuleManager: Shutting down and abandoning module OculusLibrary (140)
[2017.04.16-21.51.43:454][962]LogModuleManager: Shutting down and abandoning module OculusInput (139)
[2017.04.16-21.51.43:454][962]LogModuleManager: Shutting down and abandoning module MobilePatchingUtils (138)
[2017.04.16-21.51.43:454][962]LogModuleManager: Shutting down and abandoning module CustomMeshComponent (137)
[2017.04.16-21.51.43:454][962]LogModuleManager: Shutting down and abandoning module CableComponent (136)
[2017.04.16-21.51.43:454][962]LogModuleManager: Shutting down and abandoning module ArchVisCharacter (135)
[2017.04.16-21.51.43:454][962]LogModuleManager: Shutting down and abandoning module MediaPlayerEditor (134)
[2017.04.16-21.51.43:454][962]LogModuleManager: Shutting down and abandoning module HTML5Networking (133)
[2017.04.16-21.51.43:454][962]LogModuleManager: Shutting down and abandoning module GeometryCacheEd (132)
[2017.04.16-21.51.43:454][962]LogModuleManager: Shutting down and abandoning module GeometryCache (131)
[2017.04.16-21.51.43:454][962]LogModuleManager: Shutting down and abandoning module AlembicLibrary (130)
[2017.04.16-21.51.43:454][962]LogModuleManager: Shutting down and abandoning module AlembicImporter (129)
[2017.04.16-21.51.43:454][962]LogModuleManager: Shutting down and abandoning module SuperSearch (128)
[2017.04.16-21.51.43:454][962]LogModuleManager: Shutting down and abandoning module SuperSearchEditor (127)
[2017.04.16-21.51.43:454][962]LogModuleManager: Shutting down and abandoning module SpeedTreeImporter (126)
[2017.04.16-21.51.43:454][962]LogModuleManager: Shutting down and abandoning module PluginBrowser (125)
[2017.04.16-21.51.43:454][962]LogModuleManager: Shutting down and abandoning module MobileLauncherProfileWizard (124)
[2017.04.16-21.51.43:454][962]LogModuleManager: Shutting down and abandoning module EpicSurvey (123)
[2017.04.16-21.51.43:454][962]LogModuleManager: Shutting down and abandoning module DesktopPlatform (122)
[2017.04.16-21.51.43:454][962]LogModuleManager: Shutting down and abandoning module VisualStudioSourceCodeAccess (121)
[2017.04.16-21.51.43:454][962]LogModuleManager: Shutting down and abandoning module UObjectPlugin (120)
[2017.04.16-21.51.43:454][962]LogModuleManager: Shutting down and abandoning module SubversionSourceControl (119)
[2017.04.16-21.51.43:454][962]LogModuleManager: Shutting down and abandoning module PerforceSourceControl (118)
[2017.04.16-21.51.43:454][962]LogModuleManager: Shutting down and abandoning module SourceControl (117)
[2017.04.16-21.51.43:454][962]LogModuleManager: Shutting down and abandoning module GitSourceControl (116)
[2017.04.16-21.51.43:454][962]LogModuleManager: Shutting down and abandoning module LightPropagationVolumeEditor (115)
[2017.04.16-21.51.43:454][962]LogModuleManager: Shutting down and abandoning module PaperTiledImporter (114)
[2017.04.16-21.51.43:454][962]LogModuleManager: Shutting down and abandoning module PaperSpriteSheetImporter (113)
[2017.04.16-21.51.43:454][962]LogModuleManager: Shutting down and abandoning module MeshPaint (112)
[2017.04.16-21.51.43:454][962]LogModuleManager: Shutting down and abandoning module PixelInspectorModule (111)
[2017.04.16-21.51.43:454][962]LogModuleManager: Shutting down and abandoning module HotReload (110)
[2017.04.16-21.51.43:455][962]LogModuleManager: Shutting down and abandoning module MainFrame (109)
[2017.04.16-21.51.43:455][962]LogModuleManager: Shutting down and abandoning module LevelEditor (108)
[2017.04.16-21.51.43:455][962]LogModuleManager: Shutting down and abandoning module ContentBrowser (107)
[2017.04.16-21.51.43:456][962]LogModuleManager: Shutting down and abandoning module Paper2DEditor (106)
[2017.04.16-21.51.43:456][962]LogModuleManager: Shutting down and abandoning module UdpMessaging (105)
[2017.04.16-21.51.43:557][962]LogModuleManager: Shutting down and abandoning module TcpMessaging (104)
[2017.04.16-21.51.43:657][962]LogModuleManager: Shutting down and abandoning module LightPropagationVolumeRuntime (103)
[2017.04.16-21.51.43:657][962]LogModuleManager: Shutting down and abandoning module Paper2D (102)
[2017.04.16-21.51.43:657][962]LogModuleManager: Shutting down and abandoning module WindowsMoviePlayer (101)
[2017.04.16-21.51.43:657][962]LogModuleManager: Shutting down and abandoning module WmfMedia (100)
[2017.04.16-21.51.43:657][962]LogModuleManager: Shutting down and abandoning module MediaAssets (99)
[2017.04.16-21.51.43:657][962]LogModuleManager: Shutting down and abandoning module GameLiveStreaming (98)
[2017.04.16-21.51.43:657][962]LogModuleManager: Shutting down and abandoning module GameplayTagsEditor (97)
[2017.04.16-21.51.43:657][962]LogModuleManager: Shutting down and abandoning module VREditor (96)
[2017.04.16-21.51.43:657][962]LogModuleManager: Shutting down and abandoning module GameplayTasksEditor (95)
[2017.04.16-21.51.43:657][962]LogModuleManager: Shutting down and abandoning module BehaviorTreeEditor (94)
[2017.04.16-21.51.43:657][962]LogModuleManager: Shutting down and abandoning module FunctionalTesting (93)
[2017.04.16-21.51.43:657][962]LogModuleManager: Shutting down and abandoning module CollisionAnalyzer (92)
[2017.04.16-21.51.43:657][962]LogModuleManager: Shutting down and abandoning module Sequencer (91)
[2017.04.16-21.51.43:657][962]LogModuleManager: Shutting down and abandoning module WorkspaceMenuStructure (90)
[2017.04.16-21.51.43:658][962]LogModuleManager: Shutting down and abandoning module MessageLog (89)
[2017.04.16-21.51.43:658][962]LogModuleManager: Shutting down and abandoning module AssetTools (88)
[2017.04.16-21.51.43:658][962]LogModuleManager: Shutting down and abandoning module UMGEditor (87)
[2017.04.16-21.51.43:658][962]LogModuleManager: Shutting down and abandoning module UMG (86)
[2017.04.16-21.51.43:658][962]LogModuleManager: Shutting down and abandoning module SlateReflector (85)
[2017.04.16-21.51.43:658][962]LogModuleManager: Shutting down and abandoning module Slate (84)
[2017.04.16-21.51.43:658][962]LogModuleManager: Shutting down and abandoning module EditorStyle (83)
[2017.04.16-21.51.43:660][962]LogModuleManager: Shutting down and abandoning module SourceCodeAccess (82)
[2017.04.16-21.51.43:660][962]LogModuleManager: Shutting down and abandoning module HeadMountedDisplay (81)
[2017.04.16-21.51.43:660][962]LogModuleManager: Shutting down and abandoning module XAudio2 (80)
[2017.04.16-21.51.43:660][962]LogModuleManager: Shutting down and abandoning module Networking (79)
[2017.04.16-21.51.43:660][962]LogModuleManager: Shutting down and abandoning module Core (78)
[2017.04.16-21.51.43:660][962]LogModuleManager: Shutting down and abandoning module DirectoryWatcher (77)
[2017.04.16-21.51.43:660][962]LogDirectoryWatcher: A directory notification for '../../../Engine/Content/' was aborted.
[2017.04.16-21.51.43:660][962]LogDirectoryWatcher: A directory notification for '../../../../../../Users/didwo/Desktop/SteamProject 4.14ver/Content/' was aborted.
[2017.04.16-21.51.43:660][962]LogDirectoryWatcher: A directory notification for '../../../Engine/Plugins/2D/Paper2D/Content/' was aborted.
[2017.04.16-21.51.43:662][962]LogModuleManager: Shutting down and abandoning module AssetRegistry (76)
[2017.04.16-21.51.43:903][962]LogModuleManager: Shutting down and abandoning module KismetCompiler (75)
[2017.04.16-21.51.43:903][962]LogModuleManager: Shutting down and abandoning module PhysXFormats (74)
[2017.04.16-21.51.43:903][962]LogModuleManager: Shutting down and abandoning module SimplygonSwarm (73)
[2017.04.16-21.51.43:903][962]LogModuleManager: Shutting down and abandoning module SimplygonMeshReduction (72)
[2017.04.16-21.51.43:903][962]LogModuleManager: Shutting down and abandoning module QuadricMeshReduction (71)
[2017.04.16-21.51.43:903][962]LogModuleManager: Shutting down and abandoning module PropertyEditor (70)
[2017.04.16-21.51.43:903][962]LogModuleManager: Shutting down and abandoning module MeshUtilities (69)
[2017.04.16-21.51.43:903][962]LogModuleManager: Shutting down and abandoning module DerivedDataCache (68)
[2017.04.16-21.51.43:947][962]LogDerivedDataCache: Shutdown
[2017.04.16-21.51.43:947][962]LogModuleManager: Shutting down and abandoning module VulkanShaderFormat (67)
[2017.04.16-21.51.43:947][962]LogModuleManager: Shutting down and abandoning module ShaderFormatOpenGL (66)
[2017.04.16-21.51.43:947][962]LogModuleManager: Shutting down and abandoning module ShaderFormatD3D (65)
[2017.04.16-21.51.43:947][962]LogModuleManager: Shutting down and abandoning module MetalShaderFormat (64)
[2017.04.16-21.51.43:947][962]LogModuleManager: Shutting down and abandoning module TextureFormatUncompressed (63)
[2017.04.16-21.51.43:947][962]LogModuleManager: Shutting down and abandoning module TextureFormatPVR (62)
[2017.04.16-21.51.43:947][962]LogModuleManager: Shutting down and abandoning module TextureFormatDXT (61)
[2017.04.16-21.51.43:947][962]LogModuleManager: Shutting down and abandoning module TextureFormatIntelISPCTexComp (60)
[2017.04.16-21.51.43:947][962]LogModuleManager: Shutting down and abandoning module ImageWrapper (59)
[2017.04.16-21.51.43:948][962]LogModuleManager: Shutting down and abandoning module TextureFormatASTC (58)
[2017.04.16-21.51.43:948][962]LogModuleManager: Shutting down and abandoning module TextureFormatAndroid (57)
[2017.04.16-21.51.43:948][962]LogModuleManager: Shutting down and abandoning module AudioFormatOpus (56)
[2017.04.16-21.51.43:948][962]LogModuleManager: Shutting down and abandoning module AudioFormatOgg (55)
[2017.04.16-21.51.43:948][962]LogModuleManager: Shutting down and abandoning module AudioFormatADPCM (54)
[2017.04.16-21.51.43:948][962]LogModuleManager: Shutting down and abandoning module LinuxTargetPlatform (53)
[2017.04.16-21.51.43:948][962]LogModuleManager: Shutting down and abandoning module LinuxServerTargetPlatform (52)
[2017.04.16-21.51.43:948][962]LogModuleManager: Shutting down and abandoning module LinuxNoEditorTargetPlatform (51)
[2017.04.16-21.51.43:948][962]LogModuleManager: Shutting down and abandoning module LinuxClientTargetPlatform (50)
[2017.04.16-21.51.43:948][962]LogModuleManager: Shutting down and abandoning module TVOSTargetPlatform (49)
[2017.04.16-21.51.43:948][962]LogModuleManager: Shutting down and abandoning module Messaging (48)
[2017.04.16-21.51.43:948][962]LogModuleManager: Shutting down and abandoning module IOSTargetPlatform (47)
[2017.04.16-21.51.43:948][962]LogModuleManager: Shutting down and abandoning module HTML5TargetPlatform (46)
[2017.04.16-21.51.43:948][962]LogModuleManager: Shutting down and abandoning module Android_PVRTCTargetPlatform (45)
[2017.04.16-21.51.43:948][962]LogModuleManager: Shutting down and abandoning module Android_MultiTargetPlatform (44)
[2017.04.16-21.51.43:948][962]LogModuleManager: Shutting down and abandoning module Android_ETC2TargetPlatform (43)
[2017.04.16-21.51.43:948][962]LogModuleManager: Shutting down and abandoning module Android_ETC1TargetPlatform (42)
[2017.04.16-21.51.43:948][962]LogModuleManager: Shutting down and abandoning module Android_DXTTargetPlatform (41)
[2017.04.16-21.51.43:948][962]LogModuleManager: Shutting down and abandoning module Android_ATCTargetPlatform (40)
[2017.04.16-21.51.43:948][962]LogModuleManager: Shutting down and abandoning module Android_ASTCTargetPlatform (39)
[2017.04.16-21.51.43:948][962]LogModuleManager: Shutting down and abandoning module AndroidTargetPlatform (38)
[2017.04.16-21.51.43:948][962]LogModuleManager: Shutting down and abandoning module WindowsTargetPlatform (37)
[2017.04.16-21.51.43:948][962]LogModuleManager: Shutting down and abandoning module WindowsServerTargetPlatform (36)
[2017.04.16-21.51.43:948][962]LogModuleManager: Shutting down and abandoning module WindowsNoEditorTargetPlatform (35)
[2017.04.16-21.51.43:948][962]LogModuleManager: Shutting down and abandoning module WindowsClientTargetPlatform (34)
[2017.04.16-21.51.43:948][962]LogModuleManager: Shutting down and abandoning module MacTargetPlatform (33)
[2017.04.16-21.51.43:948][962]LogModuleManager: Shutting down and abandoning module MacServerTargetPlatform (32)
[2017.04.16-21.51.43:948][962]LogModuleManager: Shutting down and abandoning module MacNoEditorTargetPlatform (31)
[2017.04.16-21.51.43:948][962]LogModuleManager: Shutting down and abandoning module MacClientTargetPlatform (30)
[2017.04.16-21.51.43:948][962]LogModuleManager: Shutting down and abandoning module AllDesktopTargetPlatform (29)
[2017.04.16-21.51.43:948][962]LogModuleManager: Shutting down and abandoning module TargetPlatform (28)
[2017.04.16-21.51.43:948][962]LogModuleManager: Shutting down and abandoning module InputCore (27)
[2017.04.16-21.51.43:948][962]LogModuleManager: Shutting down and abandoning module Settings (26)
[2017.04.16-21.51.43:948][962]LogModuleManager: Shutting down and abandoning module OculusRift (25)
[2017.04.16-21.51.43:948][962]LogModuleManager: Shutting down and abandoning module ExampleDeviceProfileSelector (24)
[2017.04.16-21.51.43:948][962]LogModuleManager: Shutting down and abandoning module OnlineBlueprintSupport (23)
[2017.04.16-21.51.43:948][962]LogModuleManager: Shutting down and abandoning module OnlineSubsystem (18)
[2017.04.16-21.51.43:948][962]LogOnline:Display: NULL: FOnlineSubsystemNull::Shutdown()
[2017.04.16-21.51.43:999][962]LogOnline:Display: Unloading online subsystem: STEAM
[2017.04.16-21.51.43:999][962]LogOnline:Display: Unloading online subsystem: NULL
[2017.04.16-21.51.43:999][962]LogModuleManager: Shutting down and abandoning module SSL (17)
[2017.04.16-21.51.44:000][962]LogModuleManager: Shutting down and abandoning module HTTP (16)
[2017.04.16-21.51.44:000][962]LogModuleManager: Shutting down and abandoning module XMPP (15)
[2017.04.16-21.51.44:000][962]LogModuleManager: Shutting down and abandoning module TextureCompressor (14)
[2017.04.16-21.51.44:000][962]LogModuleManager: Shutting down and abandoning module ShaderCore (13)
[2017.04.16-21.51.44:000][962]LogModuleManager: Shutting down and abandoning module Landscape (12)
[2017.04.16-21.51.44:000][962]LogModuleManager: Shutting down and abandoning module SlateRHIRenderer (11)
[2017.04.16-21.51.44:001][962]LogModuleManager: Shutting down and abandoning module OpenGLDrv (10)
[2017.04.16-21.51.44:001][962]LogModuleManager: Shutting down and abandoning module D3D11RHI (9)
[2017.04.16-21.51.44:001][962]LogModuleManager: Shutting down and abandoning module AnimGraphRuntime (8)
[2017.04.16-21.51.44:001][962]LogModuleManager: Shutting down and abandoning module Renderer (7)
[2017.04.16-21.51.44:001][962]LogModuleManager: Shutting down and abandoning module Engine (6)
[2017.04.16-21.51.44:001][962]LogModuleManager: Shutting down and abandoning module CoreUObject (5)
[2017.04.16-21.51.44:001][962]LogModuleManager: Shutting down and abandoning module NetworkFile (4)
[2017.04.16-21.51.44:001][962]LogModuleManager: Shutting down and abandoning module StreamingFile (3)
[2017.04.16-21.51.44:001][962]LogModuleManager: Shutting down and abandoning module SandboxFile (2)
[2017.04.16-21.51.44:001][962]LogModuleManager: Shutting down and abandoning module PakFile (1)
[2017.04.16-21.51.44:003][962]LogExit: Exiting.
[2017.04.16-21.51.44:005][962]Log file closed, 04/17/17 06:51:44
